2024-12-20 22:00:48,695 WARNING [/opt/miniconda3/lib/python3.11/site-packages/horizon_plugin_pytorch/utils/load_state_dict_helper.py:114] Do not find version in loaded metadata of module features.3.skip_add., use the default version 2.
Most common reason is that the state_dict._metadata is missed when modifying state_dict
2024-12-20 22:00:48,697 WARNING [/opt/miniconda3/lib/python3.11/site-packages/horizon_plugin_pytorch/utils/load_state_dict_helper.py:114] Do not find version in loaded metadata of module features.5.skip_add., use the default version 2.
Most common reason is that the state_dict._metadata is missed when modifying state_dict
2024-12-20 22:00:48,698 WARNING [/opt/miniconda3/lib/python3.11/site-packages/horizon_plugin_pytorch/utils/load_state_dict_helper.py:114] Do not find version in loaded metadata of module features.6.skip_add., use the default version 2.
Most common reason is that the state_dict._metadata is missed when modifying state_dict
2024-12-20 22:00:48,699 WARNING [/opt/miniconda3/lib/python3.11/site-packages/horizon_plugin_pytorch/utils/load_state_dict_helper.py:114] Do not find version in loaded metadata of module features.8.skip_add., use the default version 2.
Most common reason is that the state_dict._metadata is missed when modifying state_dict
2024-12-20 22:00:48,699 WARNING [/opt/miniconda3/lib/python3.11/site-packages/horizon_plugin_pytorch/utils/load_state_dict_helper.py:114] Do not find version in loaded metadata of module features.9.skip_add., use the default version 2.
Most common reason is that the state_dict._metadata is missed when modifying state_dict
2024-12-20 22:00:48,700 WARNING [/opt/miniconda3/lib/python3.11/site-packages/horizon_plugin_pytorch/utils/load_state_dict_helper.py:114] Do not find version in loaded metadata of module features.10.skip_add., use the default version 2.
Most common reason is that the state_dict._metadata is missed when modifying state_dict
2024-12-20 22:00:48,701 WARNING [/opt/miniconda3/lib/python3.11/site-packages/horizon_plugin_pytorch/utils/load_state_dict_helper.py:114] Do not find version in loaded metadata of module features.12.skip_add., use the default version 2.
Most common reason is that the state_dict._metadata is missed when modifying state_dict
2024-12-20 22:00:48,702 WARNING [/opt/miniconda3/lib/python3.11/site-packages/horizon_plugin_pytorch/utils/load_state_dict_helper.py:114] Do not find version in loaded metadata of module features.13.skip_add., use the default version 2.
Most common reason is that the state_dict._metadata is missed when modifying state_dict
2024-12-20 22:00:48,703 WARNING [/opt/miniconda3/lib/python3.11/site-packages/horizon_plugin_pytorch/utils/load_state_dict_helper.py:114] Do not find version in loaded metadata of module features.15.skip_add., use the default version 2.
Most common reason is that the state_dict._metadata is missed when modifying state_dict
2024-12-20 22:00:48,703 WARNING [/opt/miniconda3/lib/python3.11/site-packages/horizon_plugin_pytorch/utils/load_state_dict_helper.py:114] Do not find version in loaded metadata of module features.16.skip_add., use the default version 2.
Most common reason is that the state_dict._metadata is missed when modifying state_dict
2024-12-20 22:00:49,285 INFO [/opt/miniconda3/lib/python3.11/site-packages/horizon_plugin_pytorch/quantization/qconfig_template.py:479] The qconfig of classifier.1 will be set to default_qat_8bit_weight_32bit_out_fake_quant_qconfig
2024-12-20 22:00:49,301 INFO [/opt/miniconda3/lib/python3.11/site-packages/horizon_plugin_pytorch/quantization/qconfig_template.py:841] Template qconfig has been set!
2024-12-20 22:00:49,422 INFO [/opt/miniconda3/lib/python3.11/site-packages/horizon_plugin_pytorch/utils/check_model.py:69] Begin check qat model...
2024-12-20 22:00:49,658 INFO [/opt/miniconda3/lib/python3.11/site-packages/horizon_plugin_pytorch/utils/check_model.py:426] All fusable modules are fused in model!
2024-12-20 22:00:49,659 INFO [/opt/miniconda3/lib/python3.11/site-packages/horizon_plugin_pytorch/utils/check_model.py:512] All modules in the model run exactly once.
2024-12-20 22:00:49,659 INFO [/opt/miniconda3/lib/python3.11/site-packages/horizon_plugin_pytorch/utils/check_model.py:543] No obvious abnormal qconfig in the model.
2024-12-20 22:00:49,677 INFO [/opt/miniconda3/lib/python3.11/site-packages/horizon_plugin_pytorch/utils/check_model.py:670] Check full result in ./model_check_result.txt
2024-12-20 22:00:49,678 INFO [/opt/miniconda3/lib/python3.11/site-packages/horizon_plugin_pytorch/utils/check_model.py:680] End check
2024-12-20 22:00:52,057 WARNING [/opt/miniconda3/lib/python3.11/site-packages/horizon_plugin_pytorch/quantization/fake_quantize.py:226] fast training is experimental
