2024-12-20 22:04:49,591 WARNING [/opt/miniconda3/lib/python3.11/site-packages/horizon_plugin_pytorch/utils/load_state_dict_helper.py:114] Do not find version in loaded metadata of module features.3.skip_add., use the default version 2.
Most common reason is that the state_dict._metadata is missed when modifying state_dict
2024-12-20 22:04:49,593 WARNING [/opt/miniconda3/lib/python3.11/site-packages/horizon_plugin_pytorch/utils/load_state_dict_helper.py:114] Do not find version in loaded metadata of module features.5.skip_add., use the default version 2.
Most common reason is that the state_dict._metadata is missed when modifying state_dict
2024-12-20 22:04:49,593 WARNING [/opt/miniconda3/lib/python3.11/site-packages/horizon_plugin_pytorch/utils/load_state_dict_helper.py:114] Do not find version in loaded metadata of module features.6.skip_add., use the default version 2.
Most common reason is that the state_dict._metadata is missed when modifying state_dict
2024-12-20 22:04:49,595 WARNING [/opt/miniconda3/lib/python3.11/site-packages/horizon_plugin_pytorch/utils/load_state_dict_helper.py:114] Do not find version in loaded metadata of module features.8.skip_add., use the default version 2.
Most common reason is that the state_dict._metadata is missed when modifying state_dict
2024-12-20 22:04:49,595 WARNING [/opt/miniconda3/lib/python3.11/site-packages/horizon_plugin_pytorch/utils/load_state_dict_helper.py:114] Do not find version in loaded metadata of module features.9.skip_add., use the default version 2.
Most common reason is that the state_dict._metadata is missed when modifying state_dict
2024-12-20 22:04:49,596 WARNING [/opt/miniconda3/lib/python3.11/site-packages/horizon_plugin_pytorch/utils/load_state_dict_helper.py:114] Do not find version in loaded metadata of module features.10.skip_add., use the default version 2.
Most common reason is that the state_dict._metadata is missed when modifying state_dict
2024-12-20 22:04:49,597 WARNING [/opt/miniconda3/lib/python3.11/site-packages/horizon_plugin_pytorch/utils/load_state_dict_helper.py:114] Do not find version in loaded metadata of module features.12.skip_add., use the default version 2.
Most common reason is that the state_dict._metadata is missed when modifying state_dict
2024-12-20 22:04:49,598 WARNING [/opt/miniconda3/lib/python3.11/site-packages/horizon_plugin_pytorch/utils/load_state_dict_helper.py:114] Do not find version in loaded metadata of module features.13.skip_add., use the default version 2.
Most common reason is that the state_dict._metadata is missed when modifying state_dict
2024-12-20 22:04:49,599 WARNING [/opt/miniconda3/lib/python3.11/site-packages/horizon_plugin_pytorch/utils/load_state_dict_helper.py:114] Do not find version in loaded metadata of module features.15.skip_add., use the default version 2.
Most common reason is that the state_dict._metadata is missed when modifying state_dict
2024-12-20 22:04:49,599 WARNING [/opt/miniconda3/lib/python3.11/site-packages/horizon_plugin_pytorch/utils/load_state_dict_helper.py:114] Do not find version in loaded metadata of module features.16.skip_add., use the default version 2.
Most common reason is that the state_dict._metadata is missed when modifying state_dict
2024-12-20 22:04:50,179 INFO [/opt/miniconda3/lib/python3.11/site-packages/horizon_plugin_pytorch/quantization/qconfig_template.py:479] The qconfig of classifier.1 will be set to default_qat_8bit_weight_32bit_out_fake_quant_qconfig
2024-12-20 22:04:50,196 INFO [/opt/miniconda3/lib/python3.11/site-packages/horizon_plugin_pytorch/quantization/qconfig_template.py:841] Template qconfig has been set!
2024-12-20 22:04:50,317 INFO [/opt/miniconda3/lib/python3.11/site-packages/horizon_plugin_pytorch/utils/check_model.py:69] Begin check qat model...
2024-12-20 22:04:50,552 INFO [/opt/miniconda3/lib/python3.11/site-packages/horizon_plugin_pytorch/utils/check_model.py:426] All fusable modules are fused in model!
2024-12-20 22:04:50,554 INFO [/opt/miniconda3/lib/python3.11/site-packages/horizon_plugin_pytorch/utils/check_model.py:512] All modules in the model run exactly once.
2024-12-20 22:04:50,554 INFO [/opt/miniconda3/lib/python3.11/site-packages/horizon_plugin_pytorch/utils/check_model.py:543] No obvious abnormal qconfig in the model.
2024-12-20 22:04:50,572 INFO [/opt/miniconda3/lib/python3.11/site-packages/horizon_plugin_pytorch/utils/check_model.py:670] Check full result in ./model_check_result.txt
2024-12-20 22:04:50,572 INFO [/opt/miniconda3/lib/python3.11/site-packages/horizon_plugin_pytorch/utils/check_model.py:680] End check
2024-12-20 22:04:50,696 WARNING [/opt/miniconda3/lib/python3.11/site-packages/horizon_plugin_pytorch/utils/deprecate.py:280] <function export at 0x7fa04a367740> is in beta state and is subject to changes, we do not provide any guarantee
2024-12-20 22:04:52,131 WARNING [/opt/miniconda3/lib/python3.11/site-packages/horizon_plugin_pytorch/quantization/hbdk4/export_hbir/export_hbir.py:450] Converting a tensor to a Python boolean might cause the trace to be incorrect. We can't record the data flow of Python values, so this value will be treated as a constant. This means that the exported hbir might not generalize to other inputs!
2024-12-20 22:04:52,132 WARNING [/opt/miniconda3/lib/python3.11/site-packages/horizon_plugin_pytorch/quantization/hbdk4/export_hbir/export_hbir.py:450] Converting a tensor to a Python boolean might cause the trace to be incorrect. We can't record the data flow of Python values, so this value will be treated as a constant. This means that the exported hbir might not generalize to other inputs!
2024-12-20 22:04:52,160 INFO [/opt/miniconda3/lib/python3.11/site-packages/horizon_plugin_pytorch/quantization/hbdk4/export_hbir/export_hbir.py:1227] Model ret: Tensor(shape=(1, 10), dtype=torch.float32, device=cuda:0)
